# JRE version: OpenJDK Runtime Environment GraalVM CE 22.3.0 (17.0.5+8) (build 17.0.5+8-jvmci-22.3-b08)
# Java VM: OpenJDK 64-Bit Server VM GraalVM CE 22.3.0 (17.0.5+8-jvmci-22.3-b08, mixed mode, sharing, tiered, jvmci, jvmci compiler, compressed oops, compressed class ptrs, parallel gc, linux-amd64)
GC Precious Log:
 CPUs: 8 total, 1 available
 Memory: 1024M
 Large Page Support: Disabled
 NUMA Support: Disabled
 Compressed Oops: Enabled (32-bit)
 Alignments: Space 512K, Generation 512K, Heap 2M
 Heap Min Capacity: 100M
 Heap Initial Capacity: 100M
 Heap Max Capacity: 512M
 Pre-touch: Disabled
 Parallel Workers: 1
Heap:
 PSYoungGen      total 46080K, used 25088K [0x00000000f5580000, 0x00000000f9b00000, 0x0000000100000000)
  eden space 25088K, 100% used [0x00000000f5580000,0x00000000f6e00000,0x00000000f6e00000)
  from space 20992K, 0% used [0x00000000f8680000,0x00000000f8680000,0x00000000f9b00000)
  to   space 10752K, 0% used [0x00000000f6e00000,0x00000000f6e00000,0x00000000f7880000)
 ParOldGen       total 349696K, used 349694K [0x00000000e0000000, 0x00000000f5580000, 0x00000000f5580000)
  object space 349696K, 99% used [0x00000000e0000000,0x00000000f557fa40,0x00000000f5580000)
 Metaspace       used 51326K, committed 52096K, reserved 1097728K
  class space    used 5125K, committed 5440K, reserved 1048576K
GC Heap History (20 events):
Event: 1666.657 GC heap before
{Heap before GC invocations=1233 (full 1151):
 PSYoungGen      total 46080K, used 25087K [0x00000000f5580000, 0x00000000f9b00000, 0x0000000100000000)
  eden space 25088K, 99% used [0x00000000f5580000,0x00000000f6dfffe8,0x00000000f6e00000)
  from space 20992K, 0% used [0x00000000f8680000,0x00000000f8680000,0x00000000f9b00000)
  to   space 10752K, 0% used [0x00000000f6e00000,0x00000000f6e00000,0x00000000f7880000)
 ParOldGen       total 349696K, used 349688K [0x00000000e0000000, 0x00000000f5580000, 0x00000000f5580000)
  object space 349696K, 99% used [0x00000000e0000000,0x00000000f557e3c8,0x00000000f5580000)
 Metaspace       used 51326K, committed 52096K, reserved 1097728K
  class space    used 5125K, committed 5440K, reserved 1048576K
}
Event: 1668.043 GC heap after
{Heap after GC invocations=1233 (full 1151):
 PSYoungGen      total 35840K, used 25087K [0x00000000f5580000, 0x00000000f9b00000, 0x0000000100000000)
  eden space 25088K, 99% used [0x00000000f5580000,0x00000000f6dfffe8,0x00000000f6e00000)
  from space 10752K, 0% used [0x00000000f6e00000,0x00000000f6e00000,0x00000000f7880000)
  to   space 20992K, 0% used [0x00000000f8680000,0x00000000f8680000,0x00000000f9b00000)
 ParOldGen       total 349696K, used 349688K [0x00000000e0000000, 0x00000000f5580000, 0x00000000f5580000)
  object space 349696K, 99% used [0x00000000e0000000,0x00000000f557e360,0x00000000f5580000)
 Metaspace       used 51326K, committed 52096K, reserved 1097728K
  class space    used 5125K, committed 5440K, reserved 1048576K
}
Event: 1668.043 GC heap before
{Heap before GC invocations=1234 (full 1152):
 PSYoungGen      total 35840K, used 25088K [0x00000000f5580000, 0x00000000f9b00000, 0x0000000100000000)
  eden space 25088K, 100% used [0x00000000f5580000,0x00000000f6e00000,0x00000000f6e00000)
  from space 10752K, 0% used [0x00000000f6e00000,0x00000000f6e00000,0x00000000f7880000)
  to   space 20992K, 0% used [0x00000000f8680000,0x00000000f8680000,0x00000000f9b00000)
 ParOldGen       total 349696K, used 349690K [0x00000000e0000000, 0x00000000f5580000, 0x00000000f5580000)
  object space 349696K, 99% used [0x00000000e0000000,0x00000000f557eab0,0x00000000f5580000)
 Metaspace       used 51326K, committed 52096K, reserved 1097728K
  class space    used 5125K, committed 5440K, reserved 1048576K
}
Event: 1669.317 GC heap after
{Heap after GC invocations=1234 (full 1152):
 PSYoungGen      total 46080K, used 25087K [0x00000000f5580000, 0x00000000f9b00000, 0x0000000100000000)
  eden space 25088K, 99% used [0x00000000f5580000,0x00000000f6dfffd0,0x00000000f6e00000)
  from space 20992K, 0% used [0x00000000f8680000,0x00000000f8680000,0x00000000f9b00000)
  to   space 10752K, 0% used [0x00000000f6e00000,0x00000000f6e00000,0x00000000f7880000)
 ParOldGen       total 349696K, used 349688K [0x00000000e0000000, 0x00000000f5580000, 0x00000000f5580000)
  object space 349696K, 99% used [0x00000000e0000000,0x00000000f557e1e0,0x00000000f5580000)
 Metaspace       used 51326K, committed 52096K, reserved 1097728K
  class space    used 5125K, committed 5440K, reserved 1048576K
}
Event: 1669.317 GC heap before
{Heap before GC invocations=1235 (full 1153):
 PSYoungGen      total 46080K, used 25087K [0x00000000f5580000, 0x00000000f9b00000, 0x0000000100000000)
  eden space 25088K, 99% used [0x00000000f5580000,0x00000000f6dffff0,0x00000000f6e00000)
  from space 20992K, 0% used [0x00000000f8680000,0x00000000f8680000,0x00000000f9b00000)
  to   space 10752K, 0% used [0x00000000f6e00000,0x00000000f6e00000,0x00000000f7880000)
 ParOldGen       total 349696K, used 349688K [0x00000000e0000000, 0x00000000f5580000, 0x00000000f5580000)
  object space 349696K, 99% used [0x00000000e0000000,0x00000000f557e1e0,0x00000000f5580000)
 Metaspace       used 51326K, committed 52096K, reserved 1097728K
  class space    used 5125K, committed 5440K, reserved 1048576K
}
Event: 1670.645 GC heap after
{Heap after GC invocations=1235 (full 1153):
 PSYoungGen      total 35840K, used 25087K [0x00000000f5580000, 0x00000000f9b00000, 0x0000000100000000)
  eden space 25088K, 99% used [0x00000000f5580000,0x00000000f6dffff0,0x00000000f6e00000)
  from space 10752K, 0% used [0x00000000f6e00000,0x00000000f6e00000,0x00000000f7880000)
  to   space 20992K, 0% used [0x00000000f8680000,0x00000000f8680000,0x00000000f9b00000)
 ParOldGen       total 349696K, used 349688K [0x00000000e0000000, 0x00000000f5580000, 0x00000000f5580000)
  object space 349696K, 99% used [0x00000000e0000000,0x00000000f557e1e0,0x00000000f5580000)
 Metaspace       used 51326K, committed 52096K, reserved 1097728K
  class space    used 5125K, committed 5440K, reserved 1048576K
}
Event: 1670.651 GC heap before
{Heap before GC invocations=1236 (full 1154):
 PSYoungGen      total 35840K, used 25088K [0x00000000f5580000, 0x00000000f9b00000, 0x0000000100000000)
  eden space 25088K, 100% used [0x00000000f5580000,0x00000000f6e00000,0x00000000f6e00000)
  from space 10752K, 0% used [0x00000000f6e00000,0x00000000f6e00000,0x00000000f7880000)
  to   space 20992K, 0% used [0x00000000f8680000,0x00000000f8680000,0x00000000f9b00000)
 ParOldGen       total 349696K, used 349690K [0x00000000e0000000, 0x00000000f5580000, 0x00000000f5580000)
  object space 349696K, 99% used [0x00000000e0000000,0x00000000f557e898,0x00000000f5580000)
 Metaspace       used 51326K, committed 52096K, reserved 1097728K
  class space    used 5125K, committed 5440K, reserved 1048576K
}
Event: 1671.834 GC heap after
{Heap after GC invocations=1236 (full 1154):
 PSYoungGen      total 46080K, used 25087K [0x00000000f5580000, 0x00000000f9b00000, 0x0000000100000000)
  eden space 25088K, 99% used [0x00000000f5580000,0x00000000f6dfffc0,0x00000000f6e00000)
  from space 20992K, 0% used [0x00000000f8680000,0x00000000f8680000,0x00000000f9b00000)
  to   space 10752K, 0% used [0x00000000f6e00000,0x00000000f6e00000,0x00000000f7880000)
 ParOldGen       total 349696K, used 349687K [0x00000000e0000000, 0x00000000f5580000, 0x00000000f5580000)
  object space 349696K, 99% used [0x00000000e0000000,0x00000000f557df40,0x00000000f5580000)
 Metaspace       used 51326K, committed 52096K, reserved 1097728K
  class space    used 5125K, committed 5440K, reserved 1048576K
}
Event: 1671.834 GC heap before
{Heap before GC invocations=1237 (full 1155):
 PSYoungGen      total 46080K, used 25088K [0x00000000f5580000, 0x00000000f9b00000, 0x0000000100000000)
  eden space 25088K, 100% used [0x00000000f5580000,0x00000000f6e00000,0x00000000f6e00000)
  from space 20992K, 0% used [0x00000000f8680000,0x00000000f8680000,0x00000000f9b00000)
  to   space 10752K, 0% used [0x00000000f6e00000,0x00000000f6e00000,0x00000000f7880000)
 ParOldGen       total 349696K, used 349687K [0x00000000e0000000, 0x00000000f5580000, 0x00000000f5580000)
  object space 349696K, 99% used [0x00000000e0000000,0x00000000f557df40,0x00000000f5580000)
 Metaspace       used 51326K, committed 52096K, reserved 1097728K
  class space    used 5125K, committed 5440K, reserved 1048576K
}
Event: 1673.116 GC heap after
{Heap after GC invocations=1237 (full 1155):
 PSYoungGen      total 35840K, used 25087K [0x00000000f5580000, 0x00000000f9b00000, 0x0000000100000000)
  eden space 25088K, 99% used [0x00000000f5580000,0x00000000f6dffff0,0x00000000f6e00000)
  from space 10752K, 0% used [0x00000000f6e00000,0x00000000f6e00000,0x00000000f7880000)
  to   space 20992K, 0% used [0x00000000f8680000,0x00000000f8680000,0x00000000f9b00000)
 ParOldGen       total 349696K, used 349687K [0x00000000e0000000, 0x00000000f5580000, 0x00000000f5580000)
  object space 349696K, 99% used [0x00000000e0000000,0x00000000f557df40,0x00000000f5580000)
 Metaspace       used 51326K, committed 52096K, reserved 1097728K
  class space    used 5125K, committed 5440K, reserved 1048576K
}
Event: 1673.117 GC heap before
{Heap before GC invocations=1238 (full 1156):
 PSYoungGen      total 35840K, used 25088K [0x00000000f5580000, 0x00000000f9b00000, 0x0000000100000000)
  eden space 25088K, 100% used [0x00000000f5580000,0x00000000f6e00000,0x00000000f6e00000)
  from space 10752K, 0% used [0x00000000f6e00000,0x00000000f6e00000,0x00000000f7880000)
  to   space 20992K, 0% used [0x00000000f8680000,0x00000000f8680000,0x00000000f9b00000)
 ParOldGen       total 349696K, used 349692K [0x00000000e0000000, 0x00000000f5580000, 0x00000000f5580000)
  object space 349696K, 99% used [0x00000000e0000000,0x00000000f557f230,0x00000000f5580000)
 Metaspace       used 51326K, committed 52096K, reserved 1097728K
  class space    used 5125K, committed 5440K, reserved 1048576K
}
Event: 1674.339 GC heap after
{Heap after GC invocations=1238 (full 1156):
 PSYoungGen      total 46080K, used 25087K [0x00000000f5580000, 0x00000000f9b00000, 0x0000000100000000)
  eden space 25088K, 99% used [0x00000000f5580000,0x00000000f6dfffb8,0x00000000f6e00000)
  from space 20992K, 0% used [0x00000000f8680000,0x00000000f8680000,0x00000000f9b00000)
  to   space 10752K, 0% used [0x00000000f6e00000,0x00000000f6e00000,0x00000000f7880000)
 ParOldGen       total 349696K, used 349691K [0x00000000e0000000, 0x00000000f5580000, 0x00000000f5580000)
  object space 349696K, 99% used [0x00000000e0000000,0x00000000f557eee8,0x00000000f5580000)
 Metaspace       used 51326K, committed 52096K, reserved 1097728K
  class space    used 5125K, committed 5440K, reserved 1048576K
}
Event: 1674.340 GC heap before
{Heap before GC invocations=1239 (full 1157):
 PSYoungGen      total 46080K, used 25088K [0x00000000f5580000, 0x00000000f9b00000, 0x0000000100000000)
  eden space 25088K, 100% used [0x00000000f5580000,0x00000000f6e00000,0x00000000f6e00000)
  from space 20992K, 0% used [0x00000000f8680000,0x00000000f8680000,0x00000000f9b00000)
  to   space 10752K, 0% used [0x00000000f6e00000,0x00000000f6e00000,0x00000000f7880000)
 ParOldGen       total 349696K, used 349691K [0x00000000e0000000, 0x00000000f5580000, 0x00000000f5580000)
  object space 349696K, 99% used [0x00000000e0000000,0x00000000f557eee8,0x00000000f5580000)
 Metaspace       used 51326K, committed 52096K, reserved 1097728K
  class space    used 5125K, committed 5440K, reserved 1048576K
}
Event: 1675.723 GC heap after
{Heap after GC invocations=1239 (full 1157):
 PSYoungGen      total 35840K, used 25088K [0x00000000f5580000, 0x00000000f9b00000, 0x0000000100000000)
  eden space 25088K, 100% used [0x00000000f5580000,0x00000000f6e00000,0x00000000f6e00000)
  from space 10752K, 0% used [0x00000000f6e00000,0x00000000f6e00000,0x00000000f7880000)
  to   space 20992K, 0% used [0x00000000f8680000,0x00000000f8680000,0x00000000f9b00000)
 ParOldGen       total 349696K, used 349691K [0x00000000e0000000, 0x00000000f5580000, 0x00000000f5580000)
  object space 349696K, 99% used [0x00000000e0000000,0x00000000f557eee8,0x00000000f5580000)
 Metaspace       used 51326K, committed 52096K, reserved 1097728K
  class space    used 5125K, committed 5440K, reserved 1048576K
}
Event: 1675.724 GC heap before
{Heap before GC invocations=1240 (full 1158):
 PSYoungGen      total 35840K, used 25088K [0x00000000f5580000, 0x00000000f9b00000, 0x0000000100000000)
  eden space 25088K, 100% used [0x00000000f5580000,0x00000000f6e00000,0x00000000f6e00000)
  from space 10752K, 0% used [0x00000000f6e00000,0x00000000f6e00000,0x00000000f7880000)
  to   space 20992K, 0% used [0x00000000f8680000,0x00000000f8680000,0x00000000f9b00000)
 ParOldGen       total 349696K, used 349694K [0x00000000e0000000, 0x00000000f5580000, 0x00000000f5580000)
  object space 349696K, 99% used [0x00000000e0000000,0x00000000f557f8c0,0x00000000f5580000)
 Metaspace       used 51326K, committed 52096K, reserved 1097728K
  class space    used 5125K, committed 5440K, reserved 1048576K
}
Event: 1676.953 GC heap after
{Heap after GC invocations=1240 (full 1158):
 PSYoungGen      total 46080K, used 25088K [0x00000000f5580000, 0x00000000f9b00000, 0x0000000100000000)
  eden space 25088K, 100% used [0x00000000f5580000,0x00000000f6e00000,0x00000000f6e00000)
  from space 20992K, 0% used [0x00000000f8680000,0x00000000f8680000,0x00000000f9b00000)
  to   space 10752K, 0% used [0x00000000f6e00000,0x00000000f6e00000,0x00000000f7880000)
 ParOldGen       total 349696K, used 349693K [0x00000000e0000000, 0x00000000f5580000, 0x00000000f5580000)
  object space 349696K, 99% used [0x00000000e0000000,0x00000000f557f508,0x00000000f5580000)
 Metaspace       used 51326K, committed 52096K, reserved 1097728K
  class space    used 5125K, committed 5440K, reserved 1048576K
}
Event: 1676.953 GC heap before
{Heap before GC invocations=1241 (full 1159):
 PSYoungGen      total 46080K, used 25088K [0x00000000f5580000, 0x00000000f9b00000, 0x0000000100000000)
  eden space 25088K, 100% used [0x00000000f5580000,0x00000000f6e00000,0x00000000f6e00000)
  from space 20992K, 0% used [0x00000000f8680000,0x00000000f8680000,0x00000000f9b00000)
  to   space 10752K, 0% used [0x00000000f6e00000,0x00000000f6e00000,0x00000000f7880000)
 ParOldGen       total 349696K, used 349693K [0x00000000e0000000, 0x00000000f5580000, 0x00000000f5580000)
  object space 349696K, 99% used [0x00000000e0000000,0x00000000f557f6a0,0x00000000f5580000)
 Metaspace       used 51326K, committed 52096K, reserved 1097728K
  class space    used 5125K, committed 5440K, reserved 1048576K
}
Event: 1678.252 GC heap after
{Heap after GC invocations=1241 (full 1159):
 PSYoungGen      total 35840K, used 25088K [0x00000000f5580000, 0x00000000f9b00000, 0x0000000100000000)
  eden space 25088K, 100% used [0x00000000f5580000,0x00000000f6e00000,0x00000000f6e00000)
  from space 10752K, 0% used [0x00000000f6e00000,0x00000000f6e00000,0x00000000f7880000)
  to   space 20992K, 0% used [0x00000000f8680000,0x00000000f8680000,0x00000000f9b00000)
 ParOldGen       total 349696K, used 349693K [0x00000000e0000000, 0x00000000f5580000, 0x00000000f5580000)
  object space 349696K, 99% used [0x00000000e0000000,0x00000000f557f540,0x00000000f5580000)
 Metaspace       used 51326K, committed 52096K, reserved 1097728K
  class space    used 5125K, committed 5440K, reserved 1048576K
}
Event: 1678.252 GC heap before
{Heap before GC invocations=1242 (full 1160):
 PSYoungGen      total 35840K, used 25088K [0x00000000f5580000, 0x00000000f9b00000, 0x0000000100000000)
  eden space 25088K, 100% used [0x00000000f5580000,0x00000000f6e00000,0x00000000f6e00000)
  from space 10752K, 0% used [0x00000000f6e00000,0x00000000f6e00000,0x00000000f7880000)
  to   space 20992K, 0% used [0x00000000f8680000,0x00000000f8680000,0x00000000f9b00000)
 ParOldGen       total 349696K, used 349693K [0x00000000e0000000, 0x00000000f5580000, 0x00000000f5580000)
  object space 349696K, 99% used [0x00000000e0000000,0x00000000f557f540,0x00000000f5580000)
 Metaspace       used 51326K, committed 52096K, reserved 1097728K
  class space    used 5125K, committed 5440K, reserved 1048576K
}
Event: 1679.480 GC heap after
{Heap after GC invocations=1242 (full 1160):
 PSYoungGen      total 46080K, used 25088K [0x00000000f5580000, 0x00000000f9b00000, 0x0000000100000000)
  eden space 25088K, 100% used [0x00000000f5580000,0x00000000f6e00000,0x00000000f6e00000)
  from space 20992K, 0% used [0x00000000f8680000,0x00000000f8680000,0x00000000f9b00000)
  to   space 10752K, 0% used [0x00000000f6e00000,0x00000000f6e00000,0x00000000f7880000)
 ParOldGen       total 349696K, used 349693K [0x00000000e0000000, 0x00000000f5580000, 0x00000000f5580000)
  object space 349696K, 99% used [0x00000000e0000000,0x00000000f557f540,0x00000000f5580000)
 Metaspace       used 51326K, committed 52096K, reserved 1097728K
  class space    used 5125K, committed 5440K, reserved 1048576K
}

